
> dialogue-evaluation-frontend@0.1.0 start
> react-scripts start

(node:67090) [DEP_WEBPACK_DEV_SERVER_ON_AFTER_SETUP_MIDDLEWARE] DeprecationWarning: 'onAfterSetupMiddleware' option is deprecated. Please use the 'setupMiddlewares' option.
(Use `node --trace-deprecation ...` to show where the warning was created)
(node:67090) [DEP_WEBPACK_DEV_SERVER_ON_BEFORE_SETUP_MIDDLEWARE] DeprecationWarning: 'onBeforeSetupMiddleware' option is deprecated. Please use the 'setupMiddlewares' option.
Starting the development server...

Compiled successfully!

You can now view dialogue-evaluation-frontend in the browser.

  Local:            http://localhost:3000
  On Your Network:  http://172.20.10.4:3000

Note that the development build is not optimized.
To create a production build, use npm run build.

webpack compiled successfully
Compiling...
Compiled with warnings.

[eslint] 
src/components/RatingHistory.js
  Line 14:51:  Unnecessary escape character: \.                                                                                                                                                                                                                                                                                                                                   no-useless-escape
  Line 14:53:  Unnecessary escape character: \,                                                                                                                                                                                                                                                                                                                                   no-useless-escape
  Line 14:55:  Unnecessary escape character: \:                                                                                                                                                                                                                                                                                                                                   no-useless-escape
  Line 14:57:  Unnecessary escape character: \;                                                                                                                                                                                                                                                                                                                                   no-useless-escape
  Line 14:59:  Unnecessary escape character: \!                                                                                                                                                                                                                                                                                                                                   no-useless-escape
  Line 14:61:  Unnecessary escape character: \?                                                                                                                                                                                                                                                                                                                                   no-useless-escape
  Line 14:65:  Unnecessary escape character: \(                                                                                                                                                                                                                                                                                                                                   no-useless-escape
  Line 14:67:  Unnecessary escape character: \)                                                                                                                                                                                                                                                                                                                                   no-useless-escape
  Line 92:9:   The href attribute requires a valid value to be accessible. Provide a valid, navigable address as the href value. If you cannot provide a valid href, but still need the element to resemble a link, use a button and change it with appropriate styles. Learn more: https://github.com/jsx-eslint/eslint-plugin-jsx-a11y/blob/HEAD/docs/rules/anchor-is-valid.md  jsx-a11y/anchor-is-valid
  Line 95:9:   The href attribute requires a valid value to be accessible. Provide a valid, navigable address as the href value. If you cannot provide a valid href, but still need the element to resemble a link, use a button and change it with appropriate styles. Learn more: https://github.com/jsx-eslint/eslint-plugin-jsx-a11y/blob/HEAD/docs/rules/anchor-is-valid.md  jsx-a11y/anchor-is-valid

Search for the keywords to learn more about each warning.
To ignore, add // eslint-disable-next-line to the line before.

WARNING in [eslint] 
src/components/RatingHistory.js
  Line 14:51:  Unnecessary escape character: \.                                                                                                                                                                                                                                                                                                                                   no-useless-escape
  Line 14:53:  Unnecessary escape character: \,                                                                                                                                                                                                                                                                                                                                   no-useless-escape
  Line 14:55:  Unnecessary escape character: \:                                                                                                                                                                                                                                                                                                                                   no-useless-escape
  Line 14:57:  Unnecessary escape character: \;                                                                                                                                                                                                                                                                                                                                   no-useless-escape
  Line 14:59:  Unnecessary escape character: \!                                                                                                                                                                                                                                                                                                                                   no-useless-escape
  Line 14:61:  Unnecessary escape character: \?                                                                                                                                                                                                                                                                                                                                   no-useless-escape
  Line 14:65:  Unnecessary escape character: \(                                                                                                                                                                                                                                                                                                                                   no-useless-escape
  Line 14:67:  Unnecessary escape character: \)                                                                                                                                                                                                                                                                                                                                   no-useless-escape
  Line 92:9:   The href attribute requires a valid value to be accessible. Provide a valid, navigable address as the href value. If you cannot provide a valid href, but still need the element to resemble a link, use a button and change it with appropriate styles. Learn more: https://github.com/jsx-eslint/eslint-plugin-jsx-a11y/blob/HEAD/docs/rules/anchor-is-valid.md  jsx-a11y/anchor-is-valid
  Line 95:9:   The href attribute requires a valid value to be accessible. Provide a valid, navigable address as the href value. If you cannot provide a valid href, but still need the element to resemble a link, use a button and change it with appropriate styles. Learn more: https://github.com/jsx-eslint/eslint-plugin-jsx-a11y/blob/HEAD/docs/rules/anchor-is-valid.md  jsx-a11y/anchor-is-valid

webpack compiled with 1 warning
Compiling...
Compiled with warnings.

[eslint] 
src/components/RatingHistory.js
  Line 14:51:  Unnecessary escape character: \.                                                                                                                                                                                                                                                                                                                                   no-useless-escape
  Line 14:53:  Unnecessary escape character: \,                                                                                                                                                                                                                                                                                                                                   no-useless-escape
  Line 14:55:  Unnecessary escape character: \:                                                                                                                                                                                                                                                                                                                                   no-useless-escape
  Line 14:57:  Unnecessary escape character: \;                                                                                                                                                                                                                                                                                                                                   no-useless-escape
  Line 14:59:  Unnecessary escape character: \!                                                                                                                                                                                                                                                                                                                                   no-useless-escape
  Line 14:61:  Unnecessary escape character: \?                                                                                                                                                                                                                                                                                                                                   no-useless-escape
  Line 14:65:  Unnecessary escape character: \(                                                                                                                                                                                                                                                                                                                                   no-useless-escape
  Line 14:67:  Unnecessary escape character: \)                                                                                                                                                                                                                                                                                                                                   no-useless-escape
  Line 92:9:   The href attribute requires a valid value to be accessible. Provide a valid, navigable address as the href value. If you cannot provide a valid href, but still need the element to resemble a link, use a button and change it with appropriate styles. Learn more: https://github.com/jsx-eslint/eslint-plugin-jsx-a11y/blob/HEAD/docs/rules/anchor-is-valid.md  jsx-a11y/anchor-is-valid
  Line 95:9:   The href attribute requires a valid value to be accessible. Provide a valid, navigable address as the href value. If you cannot provide a valid href, but still need the element to resemble a link, use a button and change it with appropriate styles. Learn more: https://github.com/jsx-eslint/eslint-plugin-jsx-a11y/blob/HEAD/docs/rules/anchor-is-valid.md  jsx-a11y/anchor-is-valid

Search for the keywords to learn more about each warning.
To ignore, add // eslint-disable-next-line to the line before.

WARNING in [eslint] 
src/components/RatingHistory.js
  Line 14:51:  Unnecessary escape character: \.                                                                                                                                                                                                                                                                                                                                   no-useless-escape
  Line 14:53:  Unnecessary escape character: \,                                                                                                                                                                                                                                                                                                                                   no-useless-escape
  Line 14:55:  Unnecessary escape character: \:                                                                                                                                                                                                                                                                                                                                   no-useless-escape
  Line 14:57:  Unnecessary escape character: \;                                                                                                                                                                                                                                                                                                                                   no-useless-escape
  Line 14:59:  Unnecessary escape character: \!                                                                                                                                                                                                                                                                                                                                   no-useless-escape
  Line 14:61:  Unnecessary escape character: \?                                                                                                                                                                                                                                                                                                                                   no-useless-escape
  Line 14:65:  Unnecessary escape character: \(                                                                                                                                                                                                                                                                                                                                   no-useless-escape
  Line 14:67:  Unnecessary escape character: \)                                                                                                                                                                                                                                                                                                                                   no-useless-escape
  Line 92:9:   The href attribute requires a valid value to be accessible. Provide a valid, navigable address as the href value. If you cannot provide a valid href, but still need the element to resemble a link, use a button and change it with appropriate styles. Learn more: https://github.com/jsx-eslint/eslint-plugin-jsx-a11y/blob/HEAD/docs/rules/anchor-is-valid.md  jsx-a11y/anchor-is-valid
  Line 95:9:   The href attribute requires a valid value to be accessible. Provide a valid, navigable address as the href value. If you cannot provide a valid href, but still need the element to resemble a link, use a button and change it with appropriate styles. Learn more: https://github.com/jsx-eslint/eslint-plugin-jsx-a11y/blob/HEAD/docs/rules/anchor-is-valid.md  jsx-a11y/anchor-is-valid

webpack compiled with 1 warning
